2021-09-17 01:47:59 INFO  Log:11 - =====================================loginTest TEST START=========================================
2021-09-17 01:47:59 INFO  Log:22 - user is going to click on SignIn
2021-09-17 01:48:03 INFO  Log:22 - Enter Username and Password
2021-09-17 01:48:08 INFO  Log:22 - Verifying if user is able to login
2021-09-17 01:48:08 INFO  Log:22 - Login is Sucess
2021-09-17 01:48:08 INFO  Log:15 - =====================================loginTest TEST END=========================================
2021-09-17 02:30:47 INFO  Log:11 - =====================================addToCartTest TEST START=========================================
2021-09-17 02:30:58 INFO  Log:11 - =====================================endToEndTest TEST START=========================================
2021-09-17 02:31:33 INFO  Log:15 - =====================================endToEndTest TEST END=========================================
2021-09-17 02:31:43 INFO  Log:11 - =====================================orderHistoryandDetailsTest TEST START=========================================
2021-09-17 02:31:53 INFO  Log:15 - =====================================orderHistoryandDetailsTest TEST END=========================================
2021-09-17 02:32:03 INFO  Log:11 - =====================================wishListTest TEST START=========================================
2021-09-17 02:32:10 INFO  Log:15 - =====================================wishListTest TEST END=========================================
2021-09-17 02:32:20 INFO  Log:11 - =====================================verifyLogo TEST START=========================================
2021-09-17 02:32:20 INFO  Log:15 - =====================================verifyLogo TEST END=========================================
2021-09-17 02:32:29 INFO  Log:11 - =====================================loginTest TEST START=========================================
2021-09-17 02:32:29 INFO  Log:22 - user is going to click on SignIn
2021-09-17 02:32:32 INFO  Log:22 - Enter Username and Password
2021-09-17 02:32:37 INFO  Log:22 - Verifying if user is able to login
2021-09-17 02:32:37 INFO  Log:22 - Login is Sucess
2021-09-17 02:32:37 INFO  Log:15 - =====================================loginTest TEST END=========================================
2021-09-17 02:32:47 INFO  Log:11 - =====================================verifyTotalPrice TEST START=========================================
2021-09-17 02:33:09 INFO  Log:15 - =====================================verifyTotalPrice TEST END=========================================
2021-09-17 02:33:25 INFO  Log:11 - =====================================productAvailabilityTest TEST START=========================================
2021-09-17 02:33:36 INFO  Log:15 - =====================================productAvailabilityTest TEST END=========================================
2021-09-17 02:42:16 INFO  Log:11 - =====================================addToCartTest TEST START=========================================
2021-09-17 02:42:26 INFO  Log:11 - =====================================endToEndTest TEST START=========================================
2021-09-17 02:43:14 INFO  Log:15 - =====================================endToEndTest TEST END=========================================
2021-09-17 02:43:28 INFO  Log:11 - =====================================orderHistoryandDetailsTest TEST START=========================================
2021-09-17 02:43:49 INFO  Log:15 - =====================================orderHistoryandDetailsTest TEST END=========================================
2021-09-17 02:43:59 INFO  Log:11 - =====================================wishListTest TEST START=========================================
2021-09-17 02:44:08 INFO  Log:15 - =====================================wishListTest TEST END=========================================
2021-09-17 02:44:19 INFO  Log:11 - =====================================verifyLogo TEST START=========================================
2021-09-17 02:44:19 INFO  Log:15 - =====================================verifyLogo TEST END=========================================
2021-09-17 02:44:29 INFO  Log:11 - =====================================loginTest TEST START=========================================
2021-09-17 02:44:29 INFO  Log:22 - user is going to click on SignIn
2021-09-17 02:44:31 INFO  Log:22 - Enter Username and Password
2021-09-17 02:44:36 INFO  Log:22 - Verifying if user is able to login
2021-09-17 02:44:36 INFO  Log:22 - Login is Sucess
2021-09-17 02:44:36 INFO  Log:15 - =====================================loginTest TEST END=========================================
2021-09-17 02:44:45 INFO  Log:11 - =====================================verifyTotalPrice TEST START=========================================
2021-09-17 02:45:32 INFO  Log:11 - =====================================productAvailabilityTest TEST START=========================================
2021-09-17 02:45:38 INFO  Log:15 - =====================================productAvailabilityTest TEST END=========================================
2021-09-17 03:30:45 INFO  Log:11 - =====================================verifyLogo TEST START=========================================
2021-09-17 03:30:45 INFO  Log:15 - =====================================verifyLogo TEST END=========================================
2021-09-17 03:30:52 INFO  Log:11 - =====================================verifyLogo TEST START=========================================
2021-09-17 03:30:52 INFO  Log:15 - =====================================verifyLogo TEST END=========================================
2021-09-17 03:30:55 INFO  Log:11 - =====================================verifyTitle TEST START=========================================
2021-09-17 03:31:09 INFO  Log:11 - =====================================verifyTitle TEST START=========================================
2021-09-17 03:32:46 INFO  Log:11 - =====================================verifyLogo TEST START=========================================
2021-09-17 03:32:47 INFO  Log:15 - =====================================verifyLogo TEST END=========================================
2021-09-17 03:32:53 INFO  Log:11 - =====================================verifyLogo TEST START=========================================
2021-09-17 03:32:54 INFO  Log:15 - =====================================verifyLogo TEST END=========================================
2021-09-17 03:32:57 INFO  Log:11 - =====================================verifyTitle TEST START=========================================
2021-09-17 03:33:09 INFO  Log:11 - =====================================verifyTitle TEST START=========================================
2021-09-17 03:42:25 INFO  Log:11 - =====================================verifyLogo TEST START=========================================
2021-09-17 03:42:25 INFO  Log:15 - =====================================verifyLogo TEST END=========================================
2021-09-17 03:42:29 INFO  Log:11 - =====================================verifyLogo TEST START=========================================
2021-09-17 03:42:30 INFO  Log:15 - =====================================verifyLogo TEST END=========================================
2021-09-17 03:42:36 INFO  Log:11 - =====================================verifyTitle TEST START=========================================
2021-09-17 03:42:46 INFO  Log:11 - =====================================verifyTitle TEST START=========================================
2021-09-17 05:47:57 INFO  Log:11 - =====================================loginTest TEST START=========================================
2021-09-17 05:47:57 INFO  Log:22 - user is going to click on SignIn
2021-09-17 05:47:58 INFO  Log:22 - Enter Username and Password
2021-09-17 05:48:25 INFO  Log:11 - =====================================addToCartTest TEST START=========================================
2021-09-17 05:49:26 INFO  Log:11 - =====================================verifyCreateAccountPageTest TEST START=========================================
2021-09-17 05:49:55 DEBUG cache:45 - Couldn't find template in cache for "spark/spark.spa.ftl"("en_IN", UTF-8, parsed); will try to load it.
2021-09-17 05:49:55 DEBUG cache:45 - TemplateLoader.findTemplateSource("spark/spark.spa_en_IN.ftl"): Not found
2021-09-17 05:49:55 DEBUG cache:45 - TemplateLoader.findTemplateSource("spark/spark.spa_en.ftl"): Not found
2021-09-17 05:49:55 DEBUG cache:45 - TemplateLoader.findTemplateSource("spark/spark.spa.ftl"): Found
2021-09-17 05:49:55 DEBUG cache:45 - Loading template for "spark/spark.spa.ftl"("en_IN", UTF-8, parsed) from "jar:file:/C:/Users/lenovo/.m2/repository/com/aventstack/extentreports/5.0.8/extentreports-5.0.8.jar!/com/aventstack/extentreports/templates/spark/spark.spa.ftl"
2021-09-17 05:49:55 DEBUG cache:45 - Couldn't find template in cache for "commons/commons-variables.ftl"("en_IN", UTF-8, parsed); will try to load it.
2021-09-17 05:49:55 DEBUG cache:45 - TemplateLoader.findTemplateSource("commons/commons-variables_en_IN.ftl"): Not found
2021-09-17 05:49:55 DEBUG cache:45 - TemplateLoader.findTemplateSource("commons/commons-variables_en.ftl"): Not found
2021-09-17 05:49:55 DEBUG cache:45 - TemplateLoader.findTemplateSource("commons/commons-variables.ftl"): Found
2021-09-17 05:49:55 DEBUG cache:45 - Loading template for "commons/commons-variables.ftl"("en_IN", UTF-8, parsed) from "jar:file:/C:/Users/lenovo/.m2/repository/com/aventstack/extentreports/5.0.8/extentreports-5.0.8.jar!/com/aventstack/extentreports/templates/commons/commons-variables.ftl"
2021-09-17 05:49:55 DEBUG cache:45 - Couldn't find template in cache for "commons/commons-macros.ftl"("en_IN", UTF-8, parsed); will try to load it.
2021-09-17 05:49:55 DEBUG cache:45 - TemplateLoader.findTemplateSource("commons/commons-macros_en_IN.ftl"): Not found
2021-09-17 05:49:55 DEBUG cache:45 - TemplateLoader.findTemplateSource("commons/commons-macros_en.ftl"): Not found
2021-09-17 05:49:55 DEBUG cache:45 - TemplateLoader.findTemplateSource("commons/commons-macros.ftl"): Found
2021-09-17 05:49:55 DEBUG cache:45 - Loading template for "commons/commons-macros.ftl"("en_IN", UTF-8, parsed) from "jar:file:/C:/Users/lenovo/.m2/repository/com/aventstack/extentreports/5.0.8/extentreports-5.0.8.jar!/com/aventstack/extentreports/templates/commons/commons-macros.ftl"
2021-09-17 05:49:55 DEBUG cache:45 - Couldn't find template in cache for "spark/macros/attributes.ftl"("en_IN", UTF-8, parsed); will try to load it.
2021-09-17 05:49:55 DEBUG cache:45 - TemplateLoader.findTemplateSource("spark/macros/attributes_en_IN.ftl"): Not found
2021-09-17 05:49:55 DEBUG cache:45 - TemplateLoader.findTemplateSource("spark/macros/attributes_en.ftl"): Not found
2021-09-17 05:49:55 DEBUG cache:45 - TemplateLoader.findTemplateSource("spark/macros/attributes.ftl"): Found
2021-09-17 05:49:55 DEBUG cache:45 - Loading template for "spark/macros/attributes.ftl"("en_IN", UTF-8, parsed) from "jar:file:/C:/Users/lenovo/.m2/repository/com/aventstack/extentreports/5.0.8/extentreports-5.0.8.jar!/com/aventstack/extentreports/templates/spark/macros/attributes.ftl"
2021-09-17 05:49:55 DEBUG cache:45 - Couldn't find template in cache for "spark/macros/log.ftl"("en_IN", UTF-8, parsed); will try to load it.
2021-09-17 05:49:55 DEBUG cache:45 - TemplateLoader.findTemplateSource("spark/macros/log_en_IN.ftl"): Not found
2021-09-17 05:49:55 DEBUG cache:45 - TemplateLoader.findTemplateSource("spark/macros/log_en.ftl"): Not found
2021-09-17 05:49:55 DEBUG cache:45 - TemplateLoader.findTemplateSource("spark/macros/log.ftl"): Found
2021-09-17 05:49:55 DEBUG cache:45 - Loading template for "spark/macros/log.ftl"("en_IN", UTF-8, parsed) from "jar:file:/C:/Users/lenovo/.m2/repository/com/aventstack/extentreports/5.0.8/extentreports-5.0.8.jar!/com/aventstack/extentreports/templates/spark/macros/log.ftl"
2021-09-17 05:49:55 DEBUG cache:45 - Couldn't find template in cache for "spark/macros/recurse_nodes.ftl"("en_IN", UTF-8, parsed); will try to load it.
2021-09-17 05:49:55 DEBUG cache:45 - TemplateLoader.findTemplateSource("spark/macros/recurse_nodes_en_IN.ftl"): Not found
2021-09-17 05:49:55 DEBUG cache:45 - TemplateLoader.findTemplateSource("spark/macros/recurse_nodes_en.ftl"): Not found
2021-09-17 05:49:55 DEBUG cache:45 - TemplateLoader.findTemplateSource("spark/macros/recurse_nodes.ftl"): Found
2021-09-17 05:49:55 DEBUG cache:45 - Loading template for "spark/macros/recurse_nodes.ftl"("en_IN", UTF-8, parsed) from "jar:file:/C:/Users/lenovo/.m2/repository/com/aventstack/extentreports/5.0.8/extentreports-5.0.8.jar!/com/aventstack/extentreports/templates/spark/macros/recurse_nodes.ftl"
2021-09-17 05:49:55 DEBUG cache:45 - "spark/macros/log.ftl"("en_IN", UTF-8, parsed) cached copy not yet stale; using cached.
2021-09-17 05:49:55 DEBUG cache:45 - Couldn't find template in cache for "spark/macros/attr-common.ftl"("en_IN", UTF-8, parsed); will try to load it.
2021-09-17 05:49:55 DEBUG cache:45 - TemplateLoader.findTemplateSource("spark/macros/attr-common_en_IN.ftl"): Not found
2021-09-17 05:49:55 DEBUG cache:45 - TemplateLoader.findTemplateSource("spark/macros/attr-common_en.ftl"): Not found
2021-09-17 05:49:55 DEBUG cache:45 - TemplateLoader.findTemplateSource("spark/macros/attr-common.ftl"): Found
2021-09-17 05:49:55 DEBUG cache:45 - Loading template for "spark/macros/attr-common.ftl"("en_IN", UTF-8, parsed) from "jar:file:/C:/Users/lenovo/.m2/repository/com/aventstack/extentreports/5.0.8/extentreports-5.0.8.jar!/com/aventstack/extentreports/templates/spark/macros/attr-common.ftl"
2021-09-17 05:49:55 DEBUG cache:45 - Couldn't find template in cache for "spark/partials/head.ftl"("en_IN", UTF-8, parsed); will try to load it.
2021-09-17 05:49:55 DEBUG cache:45 - TemplateLoader.findTemplateSource("spark/partials/head_en_IN.ftl"): Not found
2021-09-17 05:49:55 DEBUG cache:45 - TemplateLoader.findTemplateSource("spark/partials/head_en.ftl"): Not found
2021-09-17 05:49:55 DEBUG cache:45 - TemplateLoader.findTemplateSource("spark/partials/head.ftl"): Found
2021-09-17 05:49:55 DEBUG cache:45 - Loading template for "spark/partials/head.ftl"("en_IN", UTF-8, parsed) from "jar:file:/C:/Users/lenovo/.m2/repository/com/aventstack/extentreports/5.0.8/extentreports-5.0.8.jar!/com/aventstack/extentreports/templates/spark/partials/head.ftl"
2021-09-17 05:49:55 DEBUG cache:45 - Couldn't find template in cache for "commons/commons-inject-css.ftl"("en_IN", UTF-8, parsed); will try to load it.
2021-09-17 05:49:55 DEBUG cache:45 - TemplateLoader.findTemplateSource("commons/commons-inject-css_en_IN.ftl"): Not found
2021-09-17 05:49:55 DEBUG cache:45 - TemplateLoader.findTemplateSource("commons/commons-inject-css_en.ftl"): Not found
2021-09-17 05:49:55 DEBUG cache:45 - TemplateLoader.findTemplateSource("commons/commons-inject-css.ftl"): Found
2021-09-17 05:49:55 DEBUG cache:45 - Loading template for "commons/commons-inject-css.ftl"("en_IN", UTF-8, parsed) from "jar:file:/C:/Users/lenovo/.m2/repository/com/aventstack/extentreports/5.0.8/extentreports-5.0.8.jar!/com/aventstack/extentreports/templates/commons/commons-inject-css.ftl"
2021-09-17 05:49:55 DEBUG cache:45 - Couldn't find template in cache for "spark/partials/navbar.ftl"("en_IN", UTF-8, parsed); will try to load it.
2021-09-17 05:49:55 DEBUG cache:45 - TemplateLoader.findTemplateSource("spark/partials/navbar_en_IN.ftl"): Not found
2021-09-17 05:49:55 DEBUG cache:45 - TemplateLoader.findTemplateSource("spark/partials/navbar_en.ftl"): Not found
2021-09-17 05:49:55 DEBUG cache:45 - TemplateLoader.findTemplateSource("spark/partials/navbar.ftl"): Found
2021-09-17 05:49:55 DEBUG cache:45 - Loading template for "spark/partials/navbar.ftl"("en_IN", UTF-8, parsed) from "jar:file:/C:/Users/lenovo/.m2/repository/com/aventstack/extentreports/5.0.8/extentreports-5.0.8.jar!/com/aventstack/extentreports/templates/spark/partials/navbar.ftl"
2021-09-17 05:49:55 DEBUG cache:45 - Couldn't find template in cache for "spark/partials/sidenav.ftl"("en_IN", UTF-8, parsed); will try to load it.
2021-09-17 05:49:55 DEBUG cache:45 - TemplateLoader.findTemplateSource("spark/partials/sidenav_en_IN.ftl"): Not found
2021-09-17 05:49:55 DEBUG cache:45 - TemplateLoader.findTemplateSource("spark/partials/sidenav_en.ftl"): Not found
2021-09-17 05:49:55 DEBUG cache:45 - TemplateLoader.findTemplateSource("spark/partials/sidenav.ftl"): Found
2021-09-17 05:49:55 DEBUG cache:45 - Loading template for "spark/partials/sidenav.ftl"("en_IN", UTF-8, parsed) from "jar:file:/C:/Users/lenovo/.m2/repository/com/aventstack/extentreports/5.0.8/extentreports-5.0.8.jar!/com/aventstack/extentreports/templates/spark/partials/sidenav.ftl"
2021-09-17 05:49:55 DEBUG cache:45 - Couldn't find template in cache for "spark/partials/test.ftl"("en_IN", UTF-8, parsed); will try to load it.
2021-09-17 05:49:55 DEBUG cache:45 - TemplateLoader.findTemplateSource("spark/partials/test_en_IN.ftl"): Not found
2021-09-17 05:49:55 DEBUG cache:45 - TemplateLoader.findTemplateSource("spark/partials/test_en.ftl"): Not found
2021-09-17 05:49:55 DEBUG cache:45 - TemplateLoader.findTemplateSource("spark/partials/test.ftl"): Found
2021-09-17 05:49:55 DEBUG cache:45 - Loading template for "spark/partials/test.ftl"("en_IN", UTF-8, parsed) from "jar:file:/C:/Users/lenovo/.m2/repository/com/aventstack/extentreports/5.0.8/extentreports-5.0.8.jar!/com/aventstack/extentreports/templates/spark/partials/test.ftl"
2021-09-17 05:49:55 DEBUG cache:45 - Couldn't find template in cache for "spark/partials/standard-content.ftl"("en_IN", UTF-8, parsed); will try to load it.
2021-09-17 05:49:55 DEBUG cache:45 - TemplateLoader.findTemplateSource("spark/partials/standard-content_en_IN.ftl"): Not found
2021-09-17 05:49:55 DEBUG cache:45 - TemplateLoader.findTemplateSource("spark/partials/standard-content_en.ftl"): Not found
2021-09-17 05:49:55 DEBUG cache:45 - TemplateLoader.findTemplateSource("spark/partials/standard-content.ftl"): Found
2021-09-17 05:49:55 DEBUG cache:45 - Loading template for "spark/partials/standard-content.ftl"("en_IN", UTF-8, parsed) from "jar:file:/C:/Users/lenovo/.m2/repository/com/aventstack/extentreports/5.0.8/extentreports-5.0.8.jar!/com/aventstack/extentreports/templates/spark/partials/standard-content.ftl"
2021-09-17 05:49:55 DEBUG cache:45 - "spark/partials/standard-content.ftl"("en_IN", UTF-8, parsed) cached copy not yet stale; using cached.
2021-09-17 05:49:55 DEBUG cache:45 - "spark/partials/standard-content.ftl"("en_IN", UTF-8, parsed) cached copy not yet stale; using cached.
2021-09-17 05:49:55 DEBUG cache:45 - Couldn't find template in cache for "spark/partials/exception.ftl"("en_IN", UTF-8, parsed); will try to load it.
2021-09-17 05:49:55 DEBUG cache:45 - TemplateLoader.findTemplateSource("spark/partials/exception_en_IN.ftl"): Not found
2021-09-17 05:49:55 DEBUG cache:45 - TemplateLoader.findTemplateSource("spark/partials/exception_en.ftl"): Not found
2021-09-17 05:49:55 DEBUG cache:45 - TemplateLoader.findTemplateSource("spark/partials/exception.ftl"): Found
2021-09-17 05:49:55 DEBUG cache:45 - Loading template for "spark/partials/exception.ftl"("en_IN", UTF-8, parsed) from "jar:file:/C:/Users/lenovo/.m2/repository/com/aventstack/extentreports/5.0.8/extentreports-5.0.8.jar!/com/aventstack/extentreports/templates/spark/partials/exception.ftl"
2021-09-17 05:49:55 DEBUG cache:45 - Couldn't find template in cache for "spark/partials/category.ftl"("en_IN", UTF-8, parsed); will try to load it.
2021-09-17 05:49:55 DEBUG cache:45 - TemplateLoader.findTemplateSource("spark/partials/category_en_IN.ftl"): Not found
2021-09-17 05:49:55 DEBUG cache:45 - TemplateLoader.findTemplateSource("spark/partials/category_en.ftl"): Not found
2021-09-17 05:49:55 DEBUG cache:45 - TemplateLoader.findTemplateSource("spark/partials/category.ftl"): Found
2021-09-17 05:49:55 DEBUG cache:45 - Loading template for "spark/partials/category.ftl"("en_IN", UTF-8, parsed) from "jar:file:/C:/Users/lenovo/.m2/repository/com/aventstack/extentreports/5.0.8/extentreports-5.0.8.jar!/com/aventstack/extentreports/templates/spark/partials/category.ftl"
2021-09-17 05:49:55 DEBUG cache:45 - Couldn't find template in cache for "spark/partials/device.ftl"("en_IN", UTF-8, parsed); will try to load it.
2021-09-17 05:49:55 DEBUG cache:45 - TemplateLoader.findTemplateSource("spark/partials/device_en_IN.ftl"): Not found
2021-09-17 05:49:55 DEBUG cache:45 - TemplateLoader.findTemplateSource("spark/partials/device_en.ftl"): Not found
2021-09-17 05:49:55 DEBUG cache:45 - TemplateLoader.findTemplateSource("spark/partials/device.ftl"): Found
2021-09-17 05:49:55 DEBUG cache:45 - Loading template for "spark/partials/device.ftl"("en_IN", UTF-8, parsed) from "jar:file:/C:/Users/lenovo/.m2/repository/com/aventstack/extentreports/5.0.8/extentreports-5.0.8.jar!/com/aventstack/extentreports/templates/spark/partials/device.ftl"
2021-09-17 05:49:55 DEBUG cache:45 - Couldn't find template in cache for "spark/partials/author.ftl"("en_IN", UTF-8, parsed); will try to load it.
2021-09-17 05:49:55 DEBUG cache:45 - TemplateLoader.findTemplateSource("spark/partials/author_en_IN.ftl"): Not found
2021-09-17 05:49:55 DEBUG cache:45 - TemplateLoader.findTemplateSource("spark/partials/author_en.ftl"): Not found
2021-09-17 05:49:55 DEBUG cache:45 - TemplateLoader.findTemplateSource("spark/partials/author.ftl"): Found
2021-09-17 05:49:55 DEBUG cache:45 - Loading template for "spark/partials/author.ftl"("en_IN", UTF-8, parsed) from "jar:file:/C:/Users/lenovo/.m2/repository/com/aventstack/extentreports/5.0.8/extentreports-5.0.8.jar!/com/aventstack/extentreports/templates/spark/partials/author.ftl"
2021-09-17 05:49:55 DEBUG cache:45 - Couldn't find template in cache for "spark/partials/log.ftl"("en_IN", UTF-8, parsed); will try to load it.
2021-09-17 05:49:55 DEBUG cache:45 - TemplateLoader.findTemplateSource("spark/partials/log_en_IN.ftl"): Not found
2021-09-17 05:49:55 DEBUG cache:45 - TemplateLoader.findTemplateSource("spark/partials/log_en.ftl"): Not found
2021-09-17 05:49:55 DEBUG cache:45 - TemplateLoader.findTemplateSource("spark/partials/log.ftl"): Found
2021-09-17 05:49:55 DEBUG cache:45 - Loading template for "spark/partials/log.ftl"("en_IN", UTF-8, parsed) from "jar:file:/C:/Users/lenovo/.m2/repository/com/aventstack/extentreports/5.0.8/extentreports-5.0.8.jar!/com/aventstack/extentreports/templates/spark/partials/log.ftl"
2021-09-17 05:49:56 DEBUG cache:45 - Couldn't find template in cache for "spark/partials/dashboard.ftl"("en_IN", UTF-8, parsed); will try to load it.
2021-09-17 05:49:56 DEBUG cache:45 - TemplateLoader.findTemplateSource("spark/partials/dashboard_en_IN.ftl"): Not found
2021-09-17 05:49:56 DEBUG cache:45 - TemplateLoader.findTemplateSource("spark/partials/dashboard_en.ftl"): Not found
2021-09-17 05:49:56 DEBUG cache:45 - TemplateLoader.findTemplateSource("spark/partials/dashboard.ftl"): Found
2021-09-17 05:49:56 DEBUG cache:45 - Loading template for "spark/partials/dashboard.ftl"("en_IN", UTF-8, parsed) from "jar:file:/C:/Users/lenovo/.m2/repository/com/aventstack/extentreports/5.0.8/extentreports-5.0.8.jar!/com/aventstack/extentreports/templates/spark/partials/dashboard.ftl"
2021-09-17 05:49:56 DEBUG cache:45 - Couldn't find template in cache for "spark/partials/scripts.ftl"("en_IN", UTF-8, parsed); will try to load it.
2021-09-17 05:49:56 DEBUG cache:45 - TemplateLoader.findTemplateSource("spark/partials/scripts_en_IN.ftl"): Not found
2021-09-17 05:49:56 DEBUG cache:45 - TemplateLoader.findTemplateSource("spark/partials/scripts_en.ftl"): Not found
2021-09-17 05:49:56 DEBUG cache:45 - TemplateLoader.findTemplateSource("spark/partials/scripts.ftl"): Found
2021-09-17 05:49:56 DEBUG cache:45 - Loading template for "spark/partials/scripts.ftl"("en_IN", UTF-8, parsed) from "jar:file:/C:/Users/lenovo/.m2/repository/com/aventstack/extentreports/5.0.8/extentreports-5.0.8.jar!/com/aventstack/extentreports/templates/spark/partials/scripts.ftl"
2021-09-17 05:49:56 DEBUG cache:45 - Couldn't find template in cache for "commons/commons-inject-js.ftl"("en_IN", UTF-8, parsed); will try to load it.
2021-09-17 05:49:56 DEBUG cache:45 - TemplateLoader.findTemplateSource("commons/commons-inject-js_en_IN.ftl"): Not found
2021-09-17 05:49:56 DEBUG cache:45 - TemplateLoader.findTemplateSource("commons/commons-inject-js_en.ftl"): Not found
2021-09-17 05:49:56 DEBUG cache:45 - TemplateLoader.findTemplateSource("commons/commons-inject-js.ftl"): Found
2021-09-17 05:49:56 DEBUG cache:45 - Loading template for "commons/commons-inject-js.ftl"("en_IN", UTF-8, parsed) from "jar:file:/C:/Users/lenovo/.m2/repository/com/aventstack/extentreports/5.0.8/extentreports-5.0.8.jar!/com/aventstack/extentreports/templates/commons/commons-inject-js.ftl"
